# JRE version: 7.0_25-b17
# Java VM: Java HotSpot(TM) 64-Bit Server VM (23.25-b01 mixed mode windows-amd64 compressed oops)
Heap
 PSYoungGen      total 28352K, used 3429K [0x00000007d6c00000, 0x00000007d96d0000, 0x0000000800000000)
  eden space 26944K, 7% used [0x00000007d6c00000,0x00000007d6df9450,0x00000007d8650000)
  from space 1408K, 100% used [0x00000007d86e0000,0x00000007d8840000,0x00000007d8840000)
  to   space 8448K, 0% used [0x00000007d8e90000,0x00000007d8e90000,0x00000007d96d0000)
 ParOldGen       total 84480K, used 13065K [0x0000000784400000, 0x0000000789680000, 0x00000007d6c00000)
  object space 84480K, 15% used [0x0000000784400000,0x00000007850c2458,0x0000000789680000)
 PSPermGen       total 21248K, used 7093K [0x000000077f200000, 0x00000007806c0000, 0x0000000784400000)
  object space 21248K, 33% used [0x000000077f200000,0x000000077f8ed5b8,0x00000007806c0000)
GC Heap History (10 events):
Event: 42.557 GC heap before
{Heap before GC invocations=7 (full 0):
 PSYoungGen      total 37568K, used 37020K [0x00000007d6c00000, 0x00000007d9970000, 0x0000000800000000)
  eden space 30208K, 100% used [0x00000007d6c00000,0x00000007d8980000,0x00000007d8980000)
  from space 7360K, 92% used [0x00000007d9170000,0x00000007d9817120,0x00000007d98a0000)
  to   space 8128K, 0% used [0x00000007d8980000,0x00000007d8980000,0x00000007d9170000)
 ParOldGen       total 84480K, used 1760K [0x0000000784400000, 0x0000000789680000, 0x00000007d6c00000)
  object space 84480K, 2% used [0x0000000784400000,0x00000007845b8000,0x0000000789680000)
 PSPermGen       total 21248K, used 7066K [0x000000077f200000, 0x00000007806c0000, 0x0000000784400000)
  object space 21248K, 33% used [0x000000077f200000,0x000000077f8e6908,0x00000007806c0000)
Event: 42.561 GC heap after
Heap after GC invocations=7 (full 0):
 PSYoungGen      total 36096K, used 6544K [0x00000007d6c00000, 0x00000007d9950000, 0x0000000800000000)
  eden space 29504K, 0% used [0x00000007d6c00000,0x00000007d6c00000,0x00000007d88d0000)
  from space 6592K, 99% used [0x00000007d8980000,0x00000007d8fe4260,0x00000007d8ff0000)
  to   space 8448K, 0% used [0x00000007d9110000,0x00000007d9110000,0x00000007d9950000)
 ParOldGen       total 84480K, used 3155K [0x0000000784400000, 0x0000000789680000, 0x00000007d6c00000)
  object space 84480K, 3% used [0x0000000784400000,0x0000000784714e00,0x0000000789680000)
 PSPermGen       total 21248K, used 7066K [0x000000077f200000, 0x00000007806c0000, 0x0000000784400000)
  object space 21248K, 33% used [0x000000077f200000,0x000000077f8e6908,0x00000007806c0000)
}
Event: 47.756 GC heap before
{Heap before GC invocations=8 (full 0):
 PSYoungGen      total 36096K, used 36048K [0x00000007d6c00000, 0x00000007d9950000, 0x0000000800000000)
  eden space 29504K, 100% used [0x00000007d6c00000,0x00000007d88d0000,0x00000007d88d0000)
  from space 6592K, 99% used [0x00000007d8980000,0x00000007d8fe4260,0x00000007d8ff0000)
  to   space 8448K, 0% used [0x00000007d9110000,0x00000007d9110000,0x00000007d9950000)
 ParOldGen       total 84480K, used 3155K [0x0000000784400000, 0x0000000789680000, 0x00000007d6c00000)
  object space 84480K, 3% used [0x0000000784400000,0x0000000784714e00,0x0000000789680000)
 PSPermGen       total 21248K, used 7068K [0x000000077f200000, 0x00000007806c0000, 0x0000000784400000)
  object space 21248K, 33% used [0x000000077f200000,0x000000077f8e71f0,0x00000007806c0000)
Event: 47.760 GC heap after
Heap after GC invocations=8 (full 0):
 PSYoungGen      total 35776K, used 5280K [0x00000007d6c00000, 0x00000007d97e0000, 0x0000000800000000)
  eden space 28800K, 0% used [0x00000007d6c00000,0x00000007d6c00000,0x00000007d8820000)
  from space 6976K, 75% used [0x00000007d9110000,0x00000007d9638000,0x00000007d97e0000)
  to   space 8064K, 0% used [0x00000007d8820000,0x00000007d8820000,0x00000007d9000000)
 ParOldGen       total 84480K, used 5659K [0x0000000784400000, 0x0000000789680000, 0x00000007d6c00000)
  object space 84480K, 6% used [0x0000000784400000,0x0000000784986e00,0x0000000789680000)
 PSPermGen       total 21248K, used 7068K [0x000000077f200000, 0x00000007806c0000, 0x0000000784400000)
  object space 21248K, 33% used [0x000000077f200000,0x000000077f8e71f0,0x00000007806c0000)
}
Event: 52.823 GC heap before
{Heap before GC invocations=9 (full 0):
 PSYoungGen      total 35776K, used 34080K [0x00000007d6c00000, 0x00000007d97e0000, 0x0000000800000000)
  eden space 28800K, 100% used [0x00000007d6c00000,0x00000007d8820000,0x00000007d8820000)
  from space 6976K, 75% used [0x00000007d9110000,0x00000007d9638000,0x00000007d97e0000)
  to   space 8064K, 0% used [0x00000007d8820000,0x00000007d8820000,0x00000007d9000000)
 ParOldGen       total 84480K, used 5659K [0x0000000784400000, 0x0000000789680000, 0x00000007d6c00000)
  object space 84480K, 6% used [0x0000000784400000,0x0000000784986e00,0x0000000789680000)
 PSPermGen       total 21248K, used 7072K [0x000000077f200000, 0x00000007806c0000, 0x0000000784400000)
  object space 21248K, 33% used [0x000000077f200000,0x000000077f8e81f0,0x00000007806c0000)
Event: 52.827 GC heap after
Heap after GC invocations=9 (full 0):
 PSYoungGen      total 32000K, used 3837K [0x00000007d6c00000, 0x00000007d9720000, 0x0000000800000000)
  eden space 28160K, 0% used [0x00000007d6c00000,0x00000007d6c00000,0x00000007d8780000)
  from space 3840K, 99% used [0x00000007d8820000,0x00000007d8bdf418,0x00000007d8be0000)
  to   space 8000K, 0% used [0x00000007d8f50000,0x00000007d8f50000,0x00000007d9720000)
 ParOldGen       total 84480K, used 8323K [0x0000000784400000, 0x0000000789680000, 0x00000007d6c00000)
  object space 84480K, 9% used [0x0000000784400000,0x0000000784c20e00,0x0000000789680000)
 PSPermGen       total 21248K, used 7072K [0x000000077f200000, 0x00000007806c0000, 0x0000000784400000)
  object space 21248K, 33% used [0x000000077f200000,0x000000077f8e81f0,0x00000007806c0000)
}
Event: 57.772 GC heap before
{Heap before GC invocations=10 (full 0):
 PSYoungGen      total 32000K, used 31997K [0x00000007d6c00000, 0x00000007d9720000, 0x0000000800000000)
  eden space 28160K, 100% used [0x00000007d6c00000,0x00000007d8780000,0x00000007d8780000)
  from space 3840K, 99% used [0x00000007d8820000,0x00000007d8bdf418,0x00000007d8be0000)
  to   space 8000K, 0% used [0x00000007d8f50000,0x00000007d8f50000,0x00000007d9720000)
 ParOldGen       total 84480K, used 8323K [0x0000000784400000, 0x0000000789680000, 0x00000007d6c00000)
  object space 84480K, 9% used [0x0000000784400000,0x0000000784c20e00,0x0000000789680000)
 PSPermGen       total 21248K, used 7089K [0x000000077f200000, 0x00000007806c0000, 0x0000000784400000)
  object space 21248K, 33% used [0x000000077f200000,0x000000077f8ec6a0,0x00000007806c0000)
Event: 57.776 GC heap after
Heap after GC invocations=10 (full 0):
 PSYoungGen      total 35136K, used 2624K [0x00000007d6c00000, 0x00000007d96c0000, 0x0000000800000000)
  eden space 27520K, 0% used [0x00000007d6c00000,0x00000007d6c00000,0x00000007d86e0000)
  from space 7616K, 34% used [0x00000007d8f50000,0x00000007d91e0000,0x00000007d96c0000)
  to   space 8128K, 0% used [0x00000007d86e0000,0x00000007d86e0000,0x00000007d8ed0000)
 ParOldGen       total 84480K, used 10744K [0x0000000784400000, 0x0000000789680000, 0x00000007d6c00000)
  object space 84480K, 12% used [0x0000000784400000,0x0000000784e7e218,0x0000000789680000)
 PSPermGen       total 21248K, used 7089K [0x000000077f200000, 0x00000007806c0000, 0x0000000784400000)
  object space 21248K, 33% used [0x000000077f200000,0x000000077f8ec6a0,0x00000007806c0000)
}
Event: 62.624 GC heap before
{Heap before GC invocations=11 (full 0):
 PSYoungGen      total 35136K, used 30144K [0x00000007d6c00000, 0x00000007d96c0000, 0x0000000800000000)
  eden space 27520K, 100% used [0x00000007d6c00000,0x00000007d86e0000,0x00000007d86e0000)
  from space 7616K, 34% used [0x00000007d8f50000,0x00000007d91e0000,0x00000007d96c0000)
  to   space 8128K, 0% used [0x00000007d86e0000,0x00000007d86e0000,0x00000007d8ed0000)
 ParOldGen       total 84480K, used 10744K [0x0000000784400000, 0x0000000789680000, 0x00000007d6c00000)
  object space 84480K, 12% used [0x0000000784400000,0x0000000784e7e218,0x0000000789680000)
 PSPermGen       total 21248K, used 7093K [0x000000077f200000, 0x00000007806c0000, 0x0000000784400000)
  object space 21248K, 33% used [0x000000077f200000,0x000000077f8ed5b8,0x00000007806c0000)
Event: 62.627 GC heap after
Heap after GC invocations=11 (full 0):
 PSYoungGen      total 28352K, used 1408K [0x00000007d6c00000, 0x00000007d96d0000, 0x0000000800000000)
  eden space 26944K, 0% used [0x00000007d6c00000,0x00000007d6c00000,0x00000007d8650000)
  from space 1408K, 100% used [0x00000007d86e0000,0x00000007d8840000,0x00000007d8840000)
  to   space 8448K, 0% used [0x00000007d8e90000,0x00000007d8e90000,0x00000007d96d0000)
 ParOldGen       total 84480K, used 13065K [0x0000000784400000, 0x0000000789680000, 0x00000007d6c00000)
  object space 84480K, 15% used [0x0000000784400000,0x00000007850c2458,0x0000000789680000)
 PSPermGen       total 21248K, used 7093K [0x000000077f200000, 0x00000007806c0000, 0x0000000784400000)
  object space 21248K, 33% used [0x000000077f200000,0x000000077f8ed5b8,0x00000007806c0000)
}

